Sending build context to Docker daemon 2.048 kB
Sending build context to Docker daemon 
Step 0 : FROM rsoares/centos7-base
 ---> 5468165a0043
Step 1 : MAINTAINER Gustavo Luszczynski <gluszczy@redhat.com>, Rafael Soares (Tuelho) <rafaelcba@gmail.com>
 ---> Using cache
 ---> 59d08934a651
Step 2 : RUN yum -y install java-1.7.0-openjdk-devel;yum clean all
 ---> Running in f482f49b8c08
 ---> 1b530189a054
Removing intermediate container f482f49b8c08
Step 3 : ENV JAVA_HOME /usr/lib/jvm/java
 ---> Running in b866ef38b141
 ---> dea83ef096a5
Removing intermediate container b866ef38b141
Step 4 : ENTRYPOINT java
 ---> Running in e12dd272c500
 ---> 4488829a9c66
Removing intermediate container e12dd272c500
Step 5 : CMD -version
 ---> Running in 9cd851fb16e3
 ---> 85b318cfb1f7
Removing intermediate container 9cd851fb16e3
Successfully built 85b318cfb1f7
